<?xml version="1.0" encoding="UTF-8"?>
<testsuite xmlns:xsi="http://www.w3.org/2001/XMLSchema-instance" xsi:noNamespaceSchemaLocation="https://maven.apache.org/surefire/maven-surefire-plugin/xsd/surefire-test-report-3.0.xsd" version="3.0" name="edu.bu.met.cs665.DeliverySystemTest" time="0.024" tests="7" errors="0" skipped="0" failures="0">
  <properties>
[...]
</properties>
  <testcase name="testAddObserverAfterNotification" classname="edu.bu.met.cs665.DeliverySystemTest" time="0.004">
    <system-out><![CDATA[Alice with vehicle Car notified of DeliveryRequest: Smartphone to 999 Walnut St
Bob with vehicle Scooter notified of DeliveryRequest: Smartphone to 999 Walnut St
Charlie with vehicle Taxi notified of DeliveryRequest: Smartphone to 999 Walnut St
Alice with vehicle Car notified of DeliveryRequest: Headphones to 1000 Birch St
Bob with vehicle Scooter notified of DeliveryRequest: Headphones to 1000 Birch St
Charlie with vehicle Taxi notified of DeliveryRequest: Headphones to 1000 Birch St
David with vehicle Taxi notified of DeliveryRequest: Headphones to 1000 Birch St
]]></system-out>
  </testcase>
  <testcase name="testNoObservers" classname="edu.bu.met.cs665.DeliverySystemTest" time="0.0"/>
  <testcase name="testSameObserverMultipleTimes" classname="edu.bu.met.cs665.DeliverySystemTest" time="0.0">
    <system-out><![CDATA[Alice with vehicle Car notified of DeliveryRequest: Watch to 789 Oak St
Bob with vehicle Scooter notified of DeliveryRequest: Watch to 789 Oak St
Charlie with vehicle Taxi notified of DeliveryRequest: Watch to 789 Oak St
Alice with vehicle Car notified of DeliveryRequest: Watch to 789 Oak St
]]></system-out>
  </testcase>
  <testcase name="testSingleDeliveryNotification" classname="edu.bu.met.cs665.DeliverySystemTest" time="0.0">
    <system-out><![CDATA[Alice with vehicle Car notified of DeliveryRequest: Laptop to 123 Main St
Bob with vehicle Scooter notified of DeliveryRequest: Laptop to 123 Main St
Charlie with vehicle Taxi notified of DeliveryRequest: Laptop to 123 Main St
]]></system-out>
  </testcase>
  <testcase name="testUnregisterObserver" classname="edu.bu.met.cs665.DeliverySystemTest" time="0.001">
    <system-out><![CDATA[Alice with vehicle Car notified of DeliveryRequest: Tablet to 789 Oak St
Charlie with vehicle Taxi notified of DeliveryRequest: Tablet to 789 Oak St
]]></system-out>
  </testcase>
  <testcase name="testDeliveryRequestToSpecificDriver" classname="edu.bu.met.cs665.DeliverySystemTest" time="0.0">
    <system-out><![CDATA[Alice with vehicle Car notified of DeliveryRequest: Camera to 456 Elm St
Bob with vehicle Scooter notified of DeliveryRequest: Camera to 456 Elm St
Charlie with vehicle Taxi notified of DeliveryRequest: Camera to 456 Elm St
]]></system-out>
  </testcase>
  <testcase name="testMultipleDeliveryNotifications" classname="edu.bu.met.cs665.DeliverySystemTest" time="0.0">
    <system-out><![CDATA[Alice with vehicle Car notified of DeliveryRequest: Laptop to 123 Main St
Bob with vehicle Scooter notified of DeliveryRequest: Laptop to 123 Main St
Charlie with vehicle Taxi notified of DeliveryRequest: Laptop to 123 Main St
Alice with vehicle Car notified of DeliveryRequest: Book to 456 Elm St
Bob with vehicle Scooter notified of DeliveryRequest: Book to 456 Elm St
Charlie with vehicle Taxi notified of DeliveryRequest: Book to 456 Elm St
]]></system-out>
  </testcase>
</testsuite>